LOG
0 start
20 entered line 1 length 1
20 entered line 2 length 1
20 entered line 3 length 1
20 entered line 4 length 1
20 exited line 1 length 0 wait time 0
20 entered register 1
20 exited line 2 length 0 wait time 0
20 entered register 2
20 exited line 3 length 0 wait time 0
20 entered register 3
20 exited line 4 length 0 wait time 0
20 entered register 4
30 entered line 1 length 1
30 entered line 2 length 1
30 entered line 3 length 1
30 entered line 4 length 1
30 entered line 5 length 1
30 exited line 5 length 0 wait time 0
30 entered register 5
35 entered line 5 length 1
35 entered line 6 length 1
35 entered line 7 length 1
35 exited line 6 length 0 wait time 0
35 entered register 6
35 exited line 7 length 0 wait time 0
35 entered register 7
40 entered line 6 length 1
40 entered line 7 length 1
40 entered line 8 length 1
40 entered line 1 length 2
40 entered line 2 length 2
40 entered line 3 length 2
40 exited line 8 length 0 wait time 0
40 entered register 8
60 entered line 8 length 1
60 entered line 4 length 2
60 entered line 5 length 2
60 entered line 6 length 2
60 entered line 7 length 2
60 entered line 8 length 2
60 entered line 1 length 3
60 entered line 2 length 3
60 exited register 1
60 exited line 1 length 2 wait time 30
60 entered register 1
60 exited register 3
60 exited line 3 length 1 wait time 30
60 entered register 3
60 exited register 1
60 exited register 3
65 exited register 4
70 entered line 3 length 2
70 entered line 1 length 3
70 entered line 3 length 3
70 entered line 4 length 3
70 entered line 5 length 3
70 entered line 6 length 3
70 entered line 7 length 3
70 exited register 2
70 exited line 2 length 2 wait time 40
70 entered register 2
70 exited register 2
80 exited register 5
80 exited register 6
85 entered line 2 length 3
85 entered line 8 length 3
85 lost
85 lost
85 lost
90 lost
90 lost
90 lost
90 lost
90 lost
90 lost
90 lost
90 lost
90 lost
95 exited register 7
105 exited register 8
110 lost
110 lost
110 lost
110 lost
120 lost
120 lost
130 lost
130 lost
130 lost
130 lost
135 lost
150 lost
150 lost
180 lost
180 lost
180 lost
180 lost
180 lost
180 lost
240 end

STATS
Entered Line    : 35
Exited Line     : 11
Exited Register : 11
Avg Wait Time   : 9.09
Left In Line    : 24
Left In Register: 0
Lost            : 31
